Importer Log Report
Project : PADS Libraries.PrjPcb

Section : Library - C:\Users\Public\Documents\Altium\Projekt 1\trunk\PCB_Project_FRDM-FXS-MULT2-B\LIB_105162-0001\105162-0001\Altium\105162-0001.d
    Section : Load Messages
    EndSection

    Section : Import Messages
        Warning : WARNING: PADS Layer [L1-Top Layer] mapped to Protel layer: L0 (Multiple PADS layers...)
        Warning : WARNING: PADS Layer [L27-Assembly Drawing Top] mapped to Protel layer: L15 (Multiple PADS layers...)
        Warning : WARNING: PADS Layer [L30-Assembly Drawing Bottom] mapped to Protel layer: L16 (Multiple PADS layers...)
        Warning : WARNING: PADS Layer [L121-Solder Mask Top] mapped to Protel layer: L21-Solder Mask Top (Multiple PADS layers...)
        Warning : WARNING: PADS Layer [L122-Paste Mask Bottom] mapped to Protel layer: L22-Paste Mask Bottom (Multiple PADS layers...)
        Warning : WARNING: PADS Layer [L123-Paste Mask Top] mapped to Protel layer: L23-Paste Mask Top (Multiple PADS layers...)
        Warning : WARNING: PADS Layer [L124-Drill Drawing] mapped to Protel layer: L24-Drill Drawing (Multiple PADS layers...)
        Warning : WARNING: PADS Layer [L125] mapped to Protel layer: L25 (Multiple PADS layers...)
        Warning : WARNING: PADS Layer [L126-Silk Screen Top] mapped to Protel layer: L26-Silk Screen Top (Multiple PADS layers...)
        Warning : WARNING: PADS Layer [L127-Assembly Drawing Top] mapped to Protel layer: L15 (Multiple PADS layers...)
        Warning : WARNING: PADS Layer [L128-Solder Mask Bottom] mapped to Protel layer: L28-Solder Mask Bottom (Multiple PADS layers...)
        Warning : WARNING: PADS Layer [L129-Silk Bottom] mapped to Protel layer: L29-Silk Bottom (Multiple PADS layers...)
        Warning : WARNING: PADS Layer [L130-Assembly Drawing Bottom] mapped to Protel layer: L16 (Multiple PADS layers...)
    EndSection
EndSection

Section : Library - C:\Users\Public\Documents\Altium\Projekt 1\trunk\PCB_Project_FRDM-FXS-MULT2-B\LIB_AP7361-33FGE-7\AP7361-33FGE-7\Altium\SON65P300X300X60-9N.d
    Section : Load Messages
    EndSection

    Section : Import Messages
        Warning : WARNING: PADS Layer [L1-Top Layer] mapped to Protel layer: L0 (Multiple PADS layers...)
        Warning : WARNING: PADS Layer [L27-Assembly Drawing Top] mapped to Protel layer: L15 (Multiple PADS layers...)
        Warning : WARNING: PADS Layer [L30-Assembly Drawing Bottom] mapped to Protel layer: L16 (Multiple PADS layers...)
        Warning : WARNING: PADS Layer [L121-Solder Mask Top] mapped to Protel layer: L21-Solder Mask Top (Multiple PADS layers...)
        Warning : WARNING: PADS Layer [L122-Paste Mask Bottom] mapped to Protel layer: L22-Paste Mask Bottom (Multiple PADS layers...)
        Warning : WARNING: PADS Layer [L123-Paste Mask Top] mapped to Protel layer: L23-Paste Mask Top (Multiple PADS layers...)
        Warning : WARNING: PADS Layer [L124-Drill Drawing] mapped to Protel layer: L24-Drill Drawing (Multiple PADS layers...)
        Warning : WARNING: PADS Layer [L125] mapped to Protel layer: L25 (Multiple PADS layers...)
        Warning : WARNING: PADS Layer [L126-Silk Screen Top] mapped to Protel layer: L26-Silk Screen Top (Multiple PADS layers...)
        Warning : WARNING: PADS Layer [L127-Assembly Drawing Top] mapped to Protel layer: L15 (Multiple PADS layers...)
        Warning : WARNING: PADS Layer [L128-Solder Mask Bottom] mapped to Protel layer: L28-Solder Mask Bottom (Multiple PADS layers...)
        Warning : WARNING: PADS Layer [L129-Silk Bottom] mapped to Protel layer: L29-Silk Bottom (Multiple PADS layers...)
        Warning : WARNING: PADS Layer [L130-Assembly Drawing Bottom] mapped to Protel layer: L16 (Multiple PADS layers...)
        Warning : WARNING: Cut-out region created from PADS keep-out on layer: Top Layer
        Warning : WARNING: Cut-out region created from PADS keep-out on layer: Top Layer
        Warning : WARNING: Cut-out region created from PADS keep-out on layer: Top Layer
        Warning : WARNING: Cut-out region created from PADS keep-out on layer: Top Layer
        Warning : WARNING: Cut-out region created from PADS keep-out on layer: Top Layer
        Warning : WARNING: Cut-out region created from PADS keep-out on layer: Top Layer
        Warning : WARNING: Cut-out region created from PADS keep-out on layer: Top Layer
        Warning : WARNING: Cut-out region created from PADS keep-out on layer: Top Layer
    EndSection
EndSection

Section : Library - C:\Users\Public\Documents\Altium\Projekt 1\trunk\PCB_Project_FRDM-FXS-MULT2-B\LIB_FXAS21002CQR1\FXAS21002CQR1\Altium\FXAS21002CQR1.d
    Section : Load Messages
    EndSection

    Section : Import Messages
        Warning : WARNING: PADS Layer [L1-Top Layer] mapped to Protel layer: L0 (Multiple PADS layers...)
        Warning : WARNING: PADS Layer [L27-Assembly Drawing Top] mapped to Protel layer: L15 (Multiple PADS layers...)
        Warning : WARNING: PADS Layer [L30-Assembly Drawing Bottom] mapped to Protel layer: L16 (Multiple PADS layers...)
        Warning : WARNING: PADS Layer [L121-Solder Mask Top] mapped to Protel layer: L21-Solder Mask Top (Multiple PADS layers...)
        Warning : WARNING: PADS Layer [L122-Paste Mask Bottom] mapped to Protel layer: L22-Paste Mask Bottom (Multiple PADS layers...)
        Warning : WARNING: PADS Layer [L123-Paste Mask Top] mapped to Protel layer: L23-Paste Mask Top (Multiple PADS layers...)
        Warning : WARNING: PADS Layer [L124-Drill Drawing] mapped to Protel layer: L24-Drill Drawing (Multiple PADS layers...)
        Warning : WARNING: PADS Layer [L125] mapped to Protel layer: L25 (Multiple PADS layers...)
        Warning : WARNING: PADS Layer [L126-Silk Screen Top] mapped to Protel layer: L26-Silk Screen Top (Multiple PADS layers...)
        Warning : WARNING: PADS Layer [L127-Assembly Drawing Top] mapped to Protel layer: L15 (Multiple PADS layers...)
        Warning : WARNING: PADS Layer [L128-Solder Mask Bottom] mapped to Protel layer: L28-Solder Mask Bottom (Multiple PADS layers...)
        Warning : WARNING: PADS Layer [L129-Silk Bottom] mapped to Protel layer: L29-Silk Bottom (Multiple PADS layers...)
        Warning : WARNING: PADS Layer [L130-Assembly Drawing Bottom] mapped to Protel layer: L16 (Multiple PADS layers...)
    EndSection
EndSection

Section : Library - C:\Users\Public\Documents\Altium\Projekt 1\trunk\PCB_Project_FRDM-FXS-MULT2-B\LIB_FXLP34L6X\FXLP34L6X\Altium\SON50P100X145X55-6N.d
    Section : Load Messages
    EndSection

    Section : Import Messages
        Warning : WARNING: PADS Layer [L1-Top Layer] mapped to Protel layer: L0 (Multiple PADS layers...)
        Warning : WARNING: PADS Layer [L27-Assembly Drawing Top] mapped to Protel layer: L15 (Multiple PADS layers...)
        Warning : WARNING: PADS Layer [L30-Assembly Drawing Bottom] mapped to Protel layer: L16 (Multiple PADS layers...)
        Warning : WARNING: PADS Layer [L121-Solder Mask Top] mapped to Protel layer: L21-Solder Mask Top (Multiple PADS layers...)
        Warning : WARNING: PADS Layer [L122-Paste Mask Bottom] mapped to Protel layer: L22-Paste Mask Bottom (Multiple PADS layers...)
        Warning : WARNING: PADS Layer [L123-Paste Mask Top] mapped to Protel layer: L23-Paste Mask Top (Multiple PADS layers...)
        Warning : WARNING: PADS Layer [L124-Drill Drawing] mapped to Protel layer: L24-Drill Drawing (Multiple PADS layers...)
        Warning : WARNING: PADS Layer [L125] mapped to Protel layer: L25 (Multiple PADS layers...)
        Warning : WARNING: PADS Layer [L126-Silk Screen Top] mapped to Protel layer: L26-Silk Screen Top (Multiple PADS layers...)
        Warning : WARNING: PADS Layer [L127-Assembly Drawing Top] mapped to Protel layer: L15 (Multiple PADS layers...)
        Warning : WARNING: PADS Layer [L128-Solder Mask Bottom] mapped to Protel layer: L28-Solder Mask Bottom (Multiple PADS layers...)
        Warning : WARNING: PADS Layer [L129-Silk Bottom] mapped to Protel layer: L29-Silk Bottom (Multiple PADS layers...)
        Warning : WARNING: PADS Layer [L130-Assembly Drawing Bottom] mapped to Protel layer: L16 (Multiple PADS layers...)
    EndSection
EndSection

Section : Library - C:\Users\Public\Documents\Altium\Projekt 1\trunk\PCB_Project_FRDM-FXS-MULT2-B\LIB_FXLS8471QR1\FXLS8471QR1\Altium\PQFN50P300X300X100-16N.d
    Section : Load Messages
    EndSection

    Section : Import Messages
        Warning : WARNING: PADS Layer [L1-Top Layer] mapped to Protel layer: L0 (Multiple PADS layers...)
        Warning : WARNING: PADS Layer [L27-Assembly Drawing Top] mapped to Protel layer: L15 (Multiple PADS layers...)
        Warning : WARNING: PADS Layer [L30-Assembly Drawing Bottom] mapped to Protel layer: L16 (Multiple PADS layers...)
        Warning : WARNING: PADS Layer [L121-Solder Mask Top] mapped to Protel layer: L21-Solder Mask Top (Multiple PADS layers...)
        Warning : WARNING: PADS Layer [L122-Paste Mask Bottom] mapped to Protel layer: L22-Paste Mask Bottom (Multiple PADS layers...)
        Warning : WARNING: PADS Layer [L123-Paste Mask Top] mapped to Protel layer: L23-Paste Mask Top (Multiple PADS layers...)
        Warning : WARNING: PADS Layer [L124-Drill Drawing] mapped to Protel layer: L24-Drill Drawing (Multiple PADS layers...)
        Warning : WARNING: PADS Layer [L125] mapped to Protel layer: L25 (Multiple PADS layers...)
        Warning : WARNING: PADS Layer [L126-Silk Screen Top] mapped to Protel layer: L26-Silk Screen Top (Multiple PADS layers...)
        Warning : WARNING: PADS Layer [L127-Assembly Drawing Top] mapped to Protel layer: L15 (Multiple PADS layers...)
        Warning : WARNING: PADS Layer [L128-Solder Mask Bottom] mapped to Protel layer: L28-Solder Mask Bottom (Multiple PADS layers...)
        Warning : WARNING: PADS Layer [L129-Silk Bottom] mapped to Protel layer: L29-Silk Bottom (Multiple PADS layers...)
        Warning : WARNING: PADS Layer [L130-Assembly Drawing Bottom] mapped to Protel layer: L16 (Multiple PADS layers...)
    EndSection
EndSection

Section : Library - C:\Users\Public\Documents\Altium\Projekt 1\trunk\PCB_Project_FRDM-FXS-MULT2-B\LIB_FXOS8700CQR1\FXOS8700CQR1\Altium\PQFN50P300X300X100-16N.d
    Section : Load Messages
    EndSection

    Section : Import Messages
        Warning : WARNING: PADS Layer [L1-Top Layer] mapped to Protel layer: L0 (Multiple PADS layers...)
        Warning : WARNING: PADS Layer [L27-Assembly Drawing Top] mapped to Protel layer: L15 (Multiple PADS layers...)
        Warning : WARNING: PADS Layer [L30-Assembly Drawing Bottom] mapped to Protel layer: L16 (Multiple PADS layers...)
        Warning : WARNING: PADS Layer [L121-Solder Mask Top] mapped to Protel layer: L21-Solder Mask Top (Multiple PADS layers...)
        Warning : WARNING: PADS Layer [L122-Paste Mask Bottom] mapped to Protel layer: L22-Paste Mask Bottom (Multiple PADS layers...)
        Warning : WARNING: PADS Layer [L123-Paste Mask Top] mapped to Protel layer: L23-Paste Mask Top (Multiple PADS layers...)
        Warning : WARNING: PADS Layer [L124-Drill Drawing] mapped to Protel layer: L24-Drill Drawing (Multiple PADS layers...)
        Warning : WARNING: PADS Layer [L125] mapped to Protel layer: L25 (Multiple PADS layers...)
        Warning : WARNING: PADS Layer [L126-Silk Screen Top] mapped to Protel layer: L26-Silk Screen Top (Multiple PADS layers...)
        Warning : WARNING: PADS Layer [L127-Assembly Drawing Top] mapped to Protel layer: L15 (Multiple PADS layers...)
        Warning : WARNING: PADS Layer [L128-Solder Mask Bottom] mapped to Protel layer: L28-Solder Mask Bottom (Multiple PADS layers...)
        Warning : WARNING: PADS Layer [L129-Silk Bottom] mapped to Protel layer: L29-Silk Bottom (Multiple PADS layers...)
        Warning : WARNING: PADS Layer [L130-Assembly Drawing Bottom] mapped to Protel layer: L16 (Multiple PADS layers...)
    EndSection
EndSection

Section : Library - C:\Users\Public\Documents\Altium\Projekt 1\trunk\PCB_Project_FRDM-FXS-MULT2-B\LIB_MAG3110FCR1\MAG3110FCR1\Altium\SON40P200X200X90-10N.d
    Section : Load Messages
    EndSection

    Section : Import Messages
        Warning : WARNING: PADS Layer [L1-Top Layer] mapped to Protel layer: L0 (Multiple PADS layers...)
        Warning : WARNING: PADS Layer [L27-Assembly Drawing Top] mapped to Protel layer: L15 (Multiple PADS layers...)
        Warning : WARNING: PADS Layer [L30-Assembly Drawing Bottom] mapped to Protel layer: L16 (Multiple PADS layers...)
        Warning : WARNING: PADS Layer [L121-Solder Mask Top] mapped to Protel layer: L21-Solder Mask Top (Multiple PADS layers...)
        Warning : WARNING: PADS Layer [L122-Paste Mask Bottom] mapped to Protel layer: L22-Paste Mask Bottom (Multiple PADS layers...)
        Warning : WARNING: PADS Layer [L123-Paste Mask Top] mapped to Protel layer: L23-Paste Mask Top (Multiple PADS layers...)
        Warning : WARNING: PADS Layer [L124-Drill Drawing] mapped to Protel layer: L24-Drill Drawing (Multiple PADS layers...)
        Warning : WARNING: PADS Layer [L125] mapped to Protel layer: L25 (Multiple PADS layers...)
        Warning : WARNING: PADS Layer [L126-Silk Screen Top] mapped to Protel layer: L26-Silk Screen Top (Multiple PADS layers...)
        Warning : WARNING: PADS Layer [L127-Assembly Drawing Top] mapped to Protel layer: L15 (Multiple PADS layers...)
        Warning : WARNING: PADS Layer [L128-Solder Mask Bottom] mapped to Protel layer: L28-Solder Mask Bottom (Multiple PADS layers...)
        Warning : WARNING: PADS Layer [L129-Silk Bottom] mapped to Protel layer: L29-Silk Bottom (Multiple PADS layers...)
        Warning : WARNING: PADS Layer [L130-Assembly Drawing Bottom] mapped to Protel layer: L16 (Multiple PADS layers...)
        Warning : WARNING: Cut-out region created from PADS keep-out on layer: Top Layer
        Warning : WARNING: Cut-out region created from PADS keep-out on layer: Top Layer
        Warning : WARNING: Cut-out region created from PADS keep-out on layer: Top Layer
        Warning : WARNING: Cut-out region created from PADS keep-out on layer: Top Layer
        Warning : WARNING: Cut-out region created from PADS keep-out on layer: Top Layer
        Warning : WARNING: Cut-out region created from PADS keep-out on layer: Top Layer
        Warning : WARNING: Cut-out region created from PADS keep-out on layer: Top Layer
        Warning : WARNING: Cut-out region created from PADS keep-out on layer: Top Layer
        Warning : WARNING: Cut-out region created from PADS keep-out on layer: Top Layer
        Warning : WARNING: Cut-out region created from PADS keep-out on layer: Top Layer
    EndSection
EndSection

Section : Library - C:\Users\Public\Documents\Altium\Projekt 1\trunk\PCB_Project_FRDM-FXS-MULT2-B\LIB_MC34673AEPR2\MC34673AEPR2\Altium\DFN200X300X65-9N.d
    Section : Load Messages
    EndSection

    Section : Import Messages
        Warning : WARNING: PADS Layer [L1-Top Layer] mapped to Protel layer: L0 (Multiple PADS layers...)
        Warning : WARNING: PADS Layer [L27-Assembly Drawing Top] mapped to Protel layer: L15 (Multiple PADS layers...)
        Warning : WARNING: PADS Layer [L30-Assembly Drawing Bottom] mapped to Protel layer: L16 (Multiple PADS layers...)
        Warning : WARNING: PADS Layer [L121-Solder Mask Top] mapped to Protel layer: L21-Solder Mask Top (Multiple PADS layers...)
        Warning : WARNING: PADS Layer [L122-Paste Mask Bottom] mapped to Protel layer: L22-Paste Mask Bottom (Multiple PADS layers...)
        Warning : WARNING: PADS Layer [L123-Paste Mask Top] mapped to Protel layer: L23-Paste Mask Top (Multiple PADS layers...)
        Warning : WARNING: PADS Layer [L124-Drill Drawing] mapped to Protel layer: L24-Drill Drawing (Multiple PADS layers...)
        Warning : WARNING: PADS Layer [L125] mapped to Protel layer: L25 (Multiple PADS layers...)
        Warning : WARNING: PADS Layer [L126-Silk Screen Top] mapped to Protel layer: L26-Silk Screen Top (Multiple PADS layers...)
        Warning : WARNING: PADS Layer [L127-Assembly Drawing Top] mapped to Protel layer: L15 (Multiple PADS layers...)
        Warning : WARNING: PADS Layer [L128-Solder Mask Bottom] mapped to Protel layer: L28-Solder Mask Bottom (Multiple PADS layers...)
        Warning : WARNING: PADS Layer [L129-Silk Bottom] mapped to Protel layer: L29-Silk Bottom (Multiple PADS layers...)
        Warning : WARNING: PADS Layer [L130-Assembly Drawing Bottom] mapped to Protel layer: L16 (Multiple PADS layers...)
    EndSection
EndSection

Section : Library - C:\Users\Public\Documents\Altium\Projekt 1\trunk\PCB_Project_FRDM-FXS-MULT2-B\LIB_MMA8652FCR1\MMA8652FCR1\Altium\SON40P200X200X100-10N.d
    Section : Load Messages
    EndSection

    Section : Import Messages
        Warning : WARNING: PADS Layer [L1-Top Layer] mapped to Protel layer: L0 (Multiple PADS layers...)
        Warning : WARNING: PADS Layer [L27-Assembly Drawing Top] mapped to Protel layer: L15 (Multiple PADS layers...)
        Warning : WARNING: PADS Layer [L30-Assembly Drawing Bottom] mapped to Protel layer: L16 (Multiple PADS layers...)
        Warning : WARNING: PADS Layer [L121-Solder Mask Top] mapped to Protel layer: L21-Solder Mask Top (Multiple PADS layers...)
        Warning : WARNING: PADS Layer [L122-Paste Mask Bottom] mapped to Protel layer: L22-Paste Mask Bottom (Multiple PADS layers...)
        Warning : WARNING: PADS Layer [L123-Paste Mask Top] mapped to Protel layer: L23-Paste Mask Top (Multiple PADS layers...)
        Warning : WARNING: PADS Layer [L124-Drill Drawing] mapped to Protel layer: L24-Drill Drawing (Multiple PADS layers...)
        Warning : WARNING: PADS Layer [L125] mapped to Protel layer: L25 (Multiple PADS layers...)
        Warning : WARNING: PADS Layer [L126-Silk Screen Top] mapped to Protel layer: L26-Silk Screen Top (Multiple PADS layers...)
        Warning : WARNING: PADS Layer [L127-Assembly Drawing Top] mapped to Protel layer: L15 (Multiple PADS layers...)
        Warning : WARNING: PADS Layer [L128-Solder Mask Bottom] mapped to Protel layer: L28-Solder Mask Bottom (Multiple PADS layers...)
        Warning : WARNING: PADS Layer [L129-Silk Bottom] mapped to Protel layer: L29-Silk Bottom (Multiple PADS layers...)
        Warning : WARNING: PADS Layer [L130-Assembly Drawing Bottom] mapped to Protel layer: L16 (Multiple PADS layers...)
        Warning : WARNING: Cut-out region created from PADS keep-out on layer: Top Layer
        Warning : WARNING: Cut-out region created from PADS keep-out on layer: Top Layer
        Warning : WARNING: Cut-out region created from PADS keep-out on layer: Top Layer
        Warning : WARNING: Cut-out region created from PADS keep-out on layer: Top Layer
        Warning : WARNING: Cut-out region created from PADS keep-out on layer: Top Layer
        Warning : WARNING: Cut-out region created from PADS keep-out on layer: Top Layer
        Warning : WARNING: Cut-out region created from PADS keep-out on layer: Top Layer
        Warning : WARNING: Cut-out region created from PADS keep-out on layer: Top Layer
        Warning : WARNING: Cut-out region created from PADS keep-out on layer: Top Layer
        Warning : WARNING: Cut-out region created from PADS keep-out on layer: Top Layer
    EndSection
EndSection

Section : Library - C:\Users\Public\Documents\Altium\Projekt 1\trunk\PCB_Project_FRDM-FXS-MULT2-B\LIB_MPL3115A2\MPL3115A2\Altium\LGA-8.d
    Section : Load Messages
    EndSection

    Section : Import Messages
        Warning : WARNING: PADS Layer [L1-Top Layer] mapped to Protel layer: L0 (Multiple PADS layers...)
        Warning : WARNING: PADS Layer [L27-Assembly Drawing Top] mapped to Protel layer: L15 (Multiple PADS layers...)
        Warning : WARNING: PADS Layer [L30-Assembly Drawing Bottom] mapped to Protel layer: L16 (Multiple PADS layers...)
        Warning : WARNING: PADS Layer [L121-Solder Mask Top] mapped to Protel layer: L21-Solder Mask Top (Multiple PADS layers...)
        Warning : WARNING: PADS Layer [L122-Paste Mask Bottom] mapped to Protel layer: L22-Paste Mask Bottom (Multiple PADS layers...)
        Warning : WARNING: PADS Layer [L123-Paste Mask Top] mapped to Protel layer: L23-Paste Mask Top (Multiple PADS layers...)
        Warning : WARNING: PADS Layer [L124-Drill Drawing] mapped to Protel layer: L24-Drill Drawing (Multiple PADS layers...)
        Warning : WARNING: PADS Layer [L125] mapped to Protel layer: L25 (Multiple PADS layers...)
        Warning : WARNING: PADS Layer [L126-Silk Screen Top] mapped to Protel layer: L26-Silk Screen Top (Multiple PADS layers...)
        Warning : WARNING: PADS Layer [L127-Assembly Drawing Top] mapped to Protel layer: L15 (Multiple PADS layers...)
        Warning : WARNING: PADS Layer [L128-Solder Mask Bottom] mapped to Protel layer: L28-Solder Mask Bottom (Multiple PADS layers...)
        Warning : WARNING: PADS Layer [L129-Silk Bottom] mapped to Protel layer: L29-Silk Bottom (Multiple PADS layers...)
        Warning : WARNING: PADS Layer [L130-Assembly Drawing Bottom] mapped to Protel layer: L16 (Multiple PADS layers...)
    EndSection
EndSection

Section : Library - C:\Users\Public\Documents\Altium\Projekt 1\trunk\PCB_Project_FRDM-FXS-MULT2-B\LIB_NL17SZ06DFT2G\NL17SZ06DFT2G\Altium\SOT65P210X110-5N.d
    Section : Load Messages
    EndSection

    Section : Import Messages
        Warning : WARNING: PADS Layer [L1-Top Layer] mapped to Protel layer: L0 (Multiple PADS layers...)
        Warning : WARNING: PADS Layer [L27-Assembly Drawing Top] mapped to Protel layer: L15 (Multiple PADS layers...)
        Warning : WARNING: PADS Layer [L30-Assembly Drawing Bottom] mapped to Protel layer: L16 (Multiple PADS layers...)
        Warning : WARNING: PADS Layer [L121-Solder Mask Top] mapped to Protel layer: L21-Solder Mask Top (Multiple PADS layers...)
        Warning : WARNING: PADS Layer [L122-Paste Mask Bottom] mapped to Protel layer: L22-Paste Mask Bottom (Multiple PADS layers...)
        Warning : WARNING: PADS Layer [L123-Paste Mask Top] mapped to Protel layer: L23-Paste Mask Top (Multiple PADS layers...)
        Warning : WARNING: PADS Layer [L124-Drill Drawing] mapped to Protel layer: L24-Drill Drawing (Multiple PADS layers...)
        Warning : WARNING: PADS Layer [L125] mapped to Protel layer: L25 (Multiple PADS layers...)
        Warning : WARNING: PADS Layer [L126-Silk Screen Top] mapped to Protel layer: L26-Silk Screen Top (Multiple PADS layers...)
        Warning : WARNING: PADS Layer [L127-Assembly Drawing Top] mapped to Protel layer: L15 (Multiple PADS layers...)
        Warning : WARNING: PADS Layer [L128-Solder Mask Bottom] mapped to Protel layer: L28-Solder Mask Bottom (Multiple PADS layers...)
        Warning : WARNING: PADS Layer [L129-Silk Bottom] mapped to Protel layer: L29-Silk Bottom (Multiple PADS layers...)
        Warning : WARNING: PADS Layer [L130-Assembly Drawing Bottom] mapped to Protel layer: L16 (Multiple PADS layers...)
    EndSection
EndSection

Section : Library - C:\Users\Public\Documents\Altium\Projekt 1\trunk\PCB_Project_FRDM-FXS-MULT2-B\LIB_PCA9306DCUT\PCA9306DCUT\Altium\SOP50P310X90-8N.d
    Section : Load Messages
    EndSection

    Section : Import Messages
        Warning : WARNING: PADS Layer [L1-Top Layer] mapped to Protel layer: L0 (Multiple PADS layers...)
        Warning : WARNING: PADS Layer [L27-Assembly Drawing Top] mapped to Protel layer: L15 (Multiple PADS layers...)
        Warning : WARNING: PADS Layer [L30-Assembly Drawing Bottom] mapped to Protel layer: L16 (Multiple PADS layers...)
        Warning : WARNING: PADS Layer [L121-Solder Mask Top] mapped to Protel layer: L21-Solder Mask Top (Multiple PADS layers...)
        Warning : WARNING: PADS Layer [L122-Paste Mask Bottom] mapped to Protel layer: L22-Paste Mask Bottom (Multiple PADS layers...)
        Warning : WARNING: PADS Layer [L123-Paste Mask Top] mapped to Protel layer: L23-Paste Mask Top (Multiple PADS layers...)
        Warning : WARNING: PADS Layer [L124-Drill Drawing] mapped to Protel layer: L24-Drill Drawing (Multiple PADS layers...)
        Warning : WARNING: PADS Layer [L125] mapped to Protel layer: L25 (Multiple PADS layers...)
        Warning : WARNING: PADS Layer [L126-Silk Screen Top] mapped to Protel layer: L26-Silk Screen Top (Multiple PADS layers...)
        Warning : WARNING: PADS Layer [L127-Assembly Drawing Top] mapped to Protel layer: L15 (Multiple PADS layers...)
        Warning : WARNING: PADS Layer [L128-Solder Mask Bottom] mapped to Protel layer: L28-Solder Mask Bottom (Multiple PADS layers...)
        Warning : WARNING: PADS Layer [L129-Silk Bottom] mapped to Protel layer: L29-Silk Bottom (Multiple PADS layers...)
        Warning : WARNING: PADS Layer [L130-Assembly Drawing Bottom] mapped to Protel layer: L16 (Multiple PADS layers...)
    EndSection
EndSection

Section : Library - C:\Users\Public\Documents\Altium\Projekt 1\trunk\PCB_Project_FRDM-FXS-MULT2-B\LIB_SCHA5B0200_\SCHA5B0200_\Altium\SCHA5B0200.d
    Section : Load Messages
    EndSection

    Section : Import Messages
        Warning : WARNING: PADS Layer [L1-Top Layer] mapped to Protel layer: L0 (Multiple PADS layers...)
        Warning : WARNING: PADS Layer [L27-Assembly Drawing Top] mapped to Protel layer: L15 (Multiple PADS layers...)
        Warning : WARNING: PADS Layer [L30-Assembly Drawing Bottom] mapped to Protel layer: L16 (Multiple PADS layers...)
        Warning : WARNING: PADS Layer [L121-Solder Mask Top] mapped to Protel layer: L21-Solder Mask Top (Multiple PADS layers...)
        Warning : WARNING: PADS Layer [L122-Paste Mask Bottom] mapped to Protel layer: L22-Paste Mask Bottom (Multiple PADS layers...)
        Warning : WARNING: PADS Layer [L123-Paste Mask Top] mapped to Protel layer: L23-Paste Mask Top (Multiple PADS layers...)
        Warning : WARNING: PADS Layer [L124-Drill Drawing] mapped to Protel layer: L24-Drill Drawing (Multiple PADS layers...)
        Warning : WARNING: PADS Layer [L125] mapped to Protel layer: L25 (Multiple PADS layers...)
        Warning : WARNING: PADS Layer [L126-Silk Screen Top] mapped to Protel layer: L26-Silk Screen Top (Multiple PADS layers...)
        Warning : WARNING: PADS Layer [L127-Assembly Drawing Top] mapped to Protel layer: L15 (Multiple PADS layers...)
        Warning : WARNING: PADS Layer [L128-Solder Mask Bottom] mapped to Protel layer: L28-Solder Mask Bottom (Multiple PADS layers...)
        Warning : WARNING: PADS Layer [L129-Silk Bottom] mapped to Protel layer: L29-Silk Bottom (Multiple PADS layers...)
        Warning : WARNING: PADS Layer [L130-Assembly Drawing Bottom] mapped to Protel layer: L16 (Multiple PADS layers...)
    EndSection
EndSection

Section : Library - C:\Users\Public\Documents\Altium\Projekt 1\trunk\PCB_Project_FRDM-FXS-MULT2-B\LIB_105162-0001\105162-0001\Altium\105162-0001.p
EndSection

Section : Library - C:\Users\Public\Documents\Altium\Projekt 1\trunk\PCB_Project_FRDM-FXS-MULT2-B\LIB_AP7361-33FGE-7\AP7361-33FGE-7\Altium\AP7361-33FGE-7.p
EndSection

Section : Library - C:\Users\Public\Documents\Altium\Projekt 1\trunk\PCB_Project_FRDM-FXS-MULT2-B\LIB_FXAS21002CQR1\FXAS21002CQR1\Altium\FXAS21002CQR1.p
EndSection

Section : Library - C:\Users\Public\Documents\Altium\Projekt 1\trunk\PCB_Project_FRDM-FXS-MULT2-B\LIB_FXLP34L6X\FXLP34L6X\Altium\FXLP34L6X.p
EndSection

Section : Library - C:\Users\Public\Documents\Altium\Projekt 1\trunk\PCB_Project_FRDM-FXS-MULT2-B\LIB_FXLS8471QR1\FXLS8471QR1\Altium\FXLS8471QR1.p
EndSection

Section : Library - C:\Users\Public\Documents\Altium\Projekt 1\trunk\PCB_Project_FRDM-FXS-MULT2-B\LIB_FXOS8700CQR1\FXOS8700CQR1\Altium\FXOS8700CQR1.p
EndSection

Section : Library - C:\Users\Public\Documents\Altium\Projekt 1\trunk\PCB_Project_FRDM-FXS-MULT2-B\LIB_MAG3110FCR1\MAG3110FCR1\Altium\MAG3110FCR1.p
EndSection

Section : Library - C:\Users\Public\Documents\Altium\Projekt 1\trunk\PCB_Project_FRDM-FXS-MULT2-B\LIB_MC34673AEPR2\MC34673AEPR2\Altium\MC34673AEPR2.p
EndSection

Section : Library - C:\Users\Public\Documents\Altium\Projekt 1\trunk\PCB_Project_FRDM-FXS-MULT2-B\LIB_MMA8652FCR1\MMA8652FCR1\Altium\MMA8652FCR1.p
EndSection

Section : Library - C:\Users\Public\Documents\Altium\Projekt 1\trunk\PCB_Project_FRDM-FXS-MULT2-B\LIB_MPL3115A2\MPL3115A2\Altium\MPL3115A2.p
EndSection

Section : Library - C:\Users\Public\Documents\Altium\Projekt 1\trunk\PCB_Project_FRDM-FXS-MULT2-B\LIB_NL17SZ06DFT2G\NL17SZ06DFT2G\Altium\NL17SZ06DFT2G.p
EndSection

Section : Library - C:\Users\Public\Documents\Altium\Projekt 1\trunk\PCB_Project_FRDM-FXS-MULT2-B\LIB_PCA9306DCUT\PCA9306DCUT\Altium\PCA9306DCUT.p
EndSection

Section : Library - C:\Users\Public\Documents\Altium\Projekt 1\trunk\PCB_Project_FRDM-FXS-MULT2-B\LIB_SCHA5B0200_\SCHA5B0200_\Altium\SCHA5B0200_.p
EndSection
